<?xml version="1.0" encoding="UTF-8"?>
<coverage generated="1640535979151" clover="3.2.0">
  <project timestamp="1640535979152" name="All files">
    <metrics statements="9" coveredstatements="9" conditionals="10" coveredconditionals="8" methods="1" coveredmethods="1" elements="20" coveredelements="18" complexity="0" loc="9" ncloc="9" packages="1" files="1" classes="1"/>
    <file name="constructNote.ts" path="/home/projects/node-495wme/src/Frequency-Counters-and-Multiple-Pointers/constructNote.ts">
      <metrics statements="9" coveredstatements="9" conditionals="10" coveredconditionals="8" methods="1" coveredmethods="1"/>
      <line num="34" count="8" type="cond" truecount="4" falsecount="0"/>
      <line num="35" count="7" type="cond" truecount="2" falsecount="2"/>
      <line num="39" count="7" type="stmt"/>
      <line num="41" count="7" type="stmt"/>
      <line num="42" count="37" type="stmt"/>
      <line num="45" count="7" type="stmt"/>
      <line num="46" count="21" type="cond" truecount="2" falsecount="0"/>
      <line num="47" count="4" type="stmt"/>
      <line num="51" count="3" type="stmt"/>
    </file>
  </project>
</coverage>
