{"/home/projects/node-495wme/src/Frequency-Counters-and-Multiple-Pointers/constructNote.ts": {"path":"/home/projects/node-495wme/src/Frequency-Counters-and-Multiple-Pointers/constructNote.ts","statementMap":{"0":{"start":{"line":34,"column":2},"end":{"line":34,"column":41}},"1":{"start":{"line":34,"column":28},"end":{"line":34,"column":41}},"2":{"start":{"line":35,"column":2},"end":{"line":35,"column":65}},"3":{"start":{"line":35,"column":52},"end":{"line":35,"column":65}},"4":{"start":{"line":39,"column":6},"end":{"line":39,"column":8}},"5":{"start":{"line":41,"column":2},"end":{"line":43,"column":3}},"6":{"start":{"line":42,"column":4},"end":{"line":42,"column":46}},"7":{"start":{"line":45,"column":2},"end":{"line":49,"column":3}},"8":{"start":{"line":46,"column":4},"end":{"line":48,"column":5}},"9":{"start":{"line":47,"column":6},"end":{"line":47,"column":19}},"10":{"start":{"line":51,"column":2},"end":{"line":51,"column":14}}},"fnMap":{"0":{"name":"constructNote","decl":{"start":{"line":33,"column":16},"end":{"line":33,"column":29}},"loc":{"start":{"line":33,"column":73},"end":{"line":52,"column":1}},"line":33}},"branchMap":{"0":{"loc":{"start":{"line":34,"column":2},"end":{"line":34,"column":41}},"type":"if","locations":[{"start":{"line":34,"column":2},"end":{"line":34,"column":41}},{"start":{},"end":{}}],"line":34},"1":{"loc":{"start":{"line":34,"column":6},"end":{"line":34,"column":26}},"type":"binary-expr","locations":[{"start":{"line":34,"column":6},"end":{"line":34,"column":14}},{"start":{"line":34,"column":18},"end":{"line":34,"column":26}}],"line":34},"2":{"loc":{"start":{"line":35,"column":2},"end":{"line":35,"column":65}},"type":"if","locations":[{"start":{"line":35,"column":2},"end":{"line":35,"column":65}},{"start":{},"end":{}}],"line":35},"3":{"loc":{"start":{"line":35,"column":6},"end":{"line":35,"column":50}},"type":"binary-expr","locations":[{"start":{"line":35,"column":6},"end":{"line":35,"column":26}},{"start":{"line":35,"column":30},"end":{"line":35,"column":50}}],"line":35},"4":{"loc":{"start":{"line":46,"column":4},"end":{"line":48,"column":5}},"type":"if","locations":[{"start":{"line":46,"column":4},"end":{"line":48,"column":5}},{"start":{},"end":{}}],"line":46}},"s":{"0":8,"1":1,"2":7,"3":0,"4":7,"5":7,"6":37,"7":7,"8":21,"9":4,"10":3},"f":{"0":8},"b":{"0":[1,7],"1":[8,1],"2":[0,7],"3":[7,0],"4":[4,17]},"_coverageSchema":"1a1c01bbd47fc00a2c39e90264f33305004495a9","hash":"e2df06539b9277ec1db701ce7ad688bb236b05d1"}
}
